<?xml version="1.0" encoding="UTF-8"?>
<robot generator="Robot 6.1.1 (Python 3.11.1 on win32)" generated="20231120 23:32:23.959" rpa="false" schemaversion="4">
<suite id="s1" name="Tests" source="C:\Users\tarvo\palautusrepositorio\viikko3\web-login\src\tests">
<suite id="s1-s1" name="Login" source="C:\Users\tarvo\palautusrepositorio\viikko3\web-login\src\tests\login.robot">
<kw name="Open And Configure Browser" library="resource" type="SETUP">
<kw name="Evaluate" library="BuiltIn">
<var>${options}</var>
<arg>sys.modules['selenium.webdriver'].ChromeOptions()</arg>
<arg>sys</arg>
<doc>Evaluates the given expression in Python and returns the result.</doc>
<msg timestamp="20231120 23:32:26.094" level="INFO">${options} = &lt;selenium.webdriver.chrome.options.Options object at 0x000002BA23040C90&gt;</msg>
<status status="PASS" starttime="20231120 23:32:26.094" endtime="20231120 23:32:26.094"/>
</kw>
<kw name="Call Method" library="BuiltIn">
<arg>${options}</arg>
<arg>add_argument</arg>
<arg>--no-sandbox</arg>
<doc>Calls the named method of the given object with the provided arguments.</doc>
<status status="PASS" starttime="20231120 23:32:26.094" endtime="20231120 23:32:26.094"/>
</kw>
<kw name="Open Browser" library="SeleniumLibrary">
<arg>browser=chrome</arg>
<arg>options=${options}</arg>
<doc>Opens a new browser instance to the optional ``url``.</doc>
<msg timestamp="20231120 23:32:26.094" level="INFO">Opening browser 'chrome' to base url 'None'.</msg>
<status status="PASS" starttime="20231120 23:32:26.094" endtime="20231120 23:32:27.561"/>
</kw>
<kw name="Set Selenium Speed" library="SeleniumLibrary">
<arg>${DELAY}</arg>
<doc>Sets the delay that is waited after each Selenium command.</doc>
<status status="PASS" starttime="20231120 23:32:27.561" endtime="20231120 23:32:27.561"/>
</kw>
<status status="PASS" starttime="20231120 23:32:26.094" endtime="20231120 23:32:27.561"/>
</kw>
<test id="s1-s1-t1" name="Login With Correct Credentials" line="8">
<kw name="Create User And Go To Login Page" type="SETUP">
<kw name="Create User" library="AppLibrary">
<arg>kalle</arg>
<arg>kalle123</arg>
<status status="PASS" starttime="20231120 23:32:27.563" endtime="20231120 23:32:33.647"/>
</kw>
<kw name="Go To Login Page" library="resource">
<kw name="Go To" library="SeleniumLibrary">
<arg>${LOGIN_URL}</arg>
<doc>Navigates the current browser window to the provided ``url``.</doc>
<msg timestamp="20231120 23:32:33.648" level="INFO">Opening url 'http://localhost:5001/login'</msg>
<status status="PASS" starttime="20231120 23:32:33.648" endtime="20231120 23:32:34.476"/>
</kw>
<status status="PASS" starttime="20231120 23:32:33.648" endtime="20231120 23:32:34.476"/>
</kw>
<kw name="Login Page Should Be Open" library="resource">
<kw name="Title Should Be" library="SeleniumLibrary">
<arg>Login</arg>
<doc>Verifies that the current page title equals ``title``.</doc>
<msg timestamp="20231120 23:32:34.980" level="INFO">Page title is 'Login'.</msg>
<status status="PASS" starttime="20231120 23:32:34.476" endtime="20231120 23:32:34.980"/>
</kw>
<status status="PASS" starttime="20231120 23:32:34.476" endtime="20231120 23:32:34.980"/>
</kw>
<status status="PASS" starttime="20231120 23:32:27.563" endtime="20231120 23:32:34.980"/>
</kw>
<kw name="Set Username">
<arg>kalle</arg>
<kw name="Input Text" library="SeleniumLibrary">
<arg>username</arg>
<arg>${username}</arg>
<doc>Types the given ``text`` into the text field identified by ``locator``.</doc>
<msg timestamp="20231120 23:32:34.981" level="INFO">Typing text 'kalle' into text field 'username'.</msg>
<status status="PASS" starttime="20231120 23:32:34.980" endtime="20231120 23:32:36.528"/>
</kw>
<status status="PASS" starttime="20231120 23:32:34.980" endtime="20231120 23:32:36.528"/>
</kw>
<kw name="Set Password">
<arg>kalle123</arg>
<kw name="Input Password" library="SeleniumLibrary">
<arg>password</arg>
<arg>${password}</arg>
<doc>Types the given password into the text field identified by ``locator``.</doc>
<msg timestamp="20231120 23:32:36.528" level="INFO">Typing password into text field 'password'.</msg>
<msg timestamp="20231120 23:32:37.544" level="INFO">Temporally setting log level to: NONE</msg>
<msg timestamp="20231120 23:32:38.062" level="INFO">Log level changed from NONE to INFO.</msg>
<status status="PASS" starttime="20231120 23:32:36.528" endtime="20231120 23:32:38.062"/>
</kw>
<status status="PASS" starttime="20231120 23:32:36.528" endtime="20231120 23:32:38.062"/>
</kw>
<kw name="Submit Credentials">
<kw name="Click Button" library="SeleniumLibrary">
<arg>Login</arg>
<doc>Clicks the button identified by ``locator``.</doc>
<msg timestamp="20231120 23:32:38.063" level="INFO">Clicking button 'Login'.</msg>
<status status="PASS" starttime="20231120 23:32:38.062" endtime="20231120 23:32:40.402"/>
</kw>
<status status="PASS" starttime="20231120 23:32:38.062" endtime="20231120 23:32:40.402"/>
</kw>
<kw name="Login Should Succeed">
<kw name="Main Page Should Be Open" library="resource">
<kw name="Title Should Be" library="SeleniumLibrary">
<arg>Ohtu Application main page</arg>
<doc>Verifies that the current page title equals ``title``.</doc>
<msg timestamp="20231120 23:32:40.905" level="INFO">Page title is 'Ohtu Application main page'.</msg>
<status status="PASS" starttime="20231120 23:32:40.402" endtime="20231120 23:32:40.905"/>
</kw>
<status status="PASS" starttime="20231120 23:32:40.402" endtime="20231120 23:32:40.905"/>
</kw>
<status status="PASS" starttime="20231120 23:32:40.402" endtime="20231120 23:32:40.905"/>
</kw>
<status status="PASS" starttime="20231120 23:32:27.561" endtime="20231120 23:32:40.905"/>
</test>
<test id="s1-s1-t2" name="Login With Incorrect Password" line="14">
<kw name="Create User And Go To Login Page" type="SETUP">
<kw name="Create User" library="AppLibrary">
<arg>kalle</arg>
<arg>kalle123</arg>
<status status="PASS" starttime="20231120 23:32:40.906" endtime="20231120 23:32:46.988"/>
</kw>
<kw name="Go To Login Page" library="resource">
<kw name="Go To" library="SeleniumLibrary">
<arg>${LOGIN_URL}</arg>
<doc>Navigates the current browser window to the provided ``url``.</doc>
<msg timestamp="20231120 23:32:46.989" level="INFO">Opening url 'http://localhost:5001/login'</msg>
<status status="PASS" starttime="20231120 23:32:46.989" endtime="20231120 23:32:47.807"/>
</kw>
<status status="PASS" starttime="20231120 23:32:46.988" endtime="20231120 23:32:47.807"/>
</kw>
<kw name="Login Page Should Be Open" library="resource">
<kw name="Title Should Be" library="SeleniumLibrary">
<arg>Login</arg>
<doc>Verifies that the current page title equals ``title``.</doc>
<msg timestamp="20231120 23:32:48.310" level="INFO">Page title is 'Login'.</msg>
<status status="PASS" starttime="20231120 23:32:47.807" endtime="20231120 23:32:48.310"/>
</kw>
<status status="PASS" starttime="20231120 23:32:47.807" endtime="20231120 23:32:48.310"/>
</kw>
<status status="PASS" starttime="20231120 23:32:40.906" endtime="20231120 23:32:48.310"/>
</kw>
<kw name="Set Username">
<arg>kalle</arg>
<kw name="Input Text" library="SeleniumLibrary">
<arg>username</arg>
<arg>${username}</arg>
<doc>Types the given ``text`` into the text field identified by ``locator``.</doc>
<msg timestamp="20231120 23:32:48.311" level="INFO">Typing text 'kalle' into text field 'username'.</msg>
<status status="PASS" starttime="20231120 23:32:48.310" endtime="20231120 23:32:49.849"/>
</kw>
<status status="PASS" starttime="20231120 23:32:48.310" endtime="20231120 23:32:49.849"/>
</kw>
<kw name="Set Password">
<arg>kalle456</arg>
<kw name="Input Password" library="SeleniumLibrary">
<arg>password</arg>
<arg>${password}</arg>
<doc>Types the given password into the text field identified by ``locator``.</doc>
<msg timestamp="20231120 23:32:49.849" level="INFO">Typing password into text field 'password'.</msg>
<msg timestamp="20231120 23:32:50.868" level="INFO">Temporally setting log level to: NONE</msg>
<msg timestamp="20231120 23:32:51.393" level="INFO">Log level changed from NONE to INFO.</msg>
<status status="PASS" starttime="20231120 23:32:49.849" endtime="20231120 23:32:51.393"/>
</kw>
<status status="PASS" starttime="20231120 23:32:49.849" endtime="20231120 23:32:51.393"/>
</kw>
<kw name="Submit Credentials">
<kw name="Click Button" library="SeleniumLibrary">
<arg>Login</arg>
<doc>Clicks the button identified by ``locator``.</doc>
<msg timestamp="20231120 23:32:51.393" level="INFO">Clicking button 'Login'.</msg>
<status status="PASS" starttime="20231120 23:32:51.393" endtime="20231120 23:32:53.426"/>
</kw>
<status status="PASS" starttime="20231120 23:32:51.393" endtime="20231120 23:32:53.426"/>
</kw>
<kw name="Login Should Fail With Message">
<arg>Invalid username or password</arg>
<kw name="Login Page Should Be Open" library="resource">
<kw name="Title Should Be" library="SeleniumLibrary">
<arg>Login</arg>
<doc>Verifies that the current page title equals ``title``.</doc>
<msg timestamp="20231120 23:32:53.929" level="INFO">Page title is 'Login'.</msg>
<status status="PASS" starttime="20231120 23:32:53.426" endtime="20231120 23:32:53.929"/>
</kw>
<status status="PASS" starttime="20231120 23:32:53.426" endtime="20231120 23:32:53.929"/>
</kw>
<kw name="Page Should Contain" library="SeleniumLibrary">
<arg>${message}</arg>
<doc>Verifies that current page contains ``text``.</doc>
<msg timestamp="20231120 23:32:54.937" level="INFO">Current page contains text 'Invalid username or password'.</msg>
<status status="PASS" starttime="20231120 23:32:53.929" endtime="20231120 23:32:54.937"/>
</kw>
<status status="PASS" starttime="20231120 23:32:53.426" endtime="20231120 23:32:54.937"/>
</kw>
<status status="PASS" starttime="20231120 23:32:40.905" endtime="20231120 23:32:54.938"/>
</test>
<kw name="Close Browser" library="SeleniumLibrary" type="TEARDOWN">
<doc>Closes the current browser.</doc>
<status status="PASS" starttime="20231120 23:32:54.939" endtime="20231120 23:32:57.472"/>
</kw>
<status status="PASS" starttime="20231120 23:32:23.969" endtime="20231120 23:32:57.472"/>
</suite>
<status status="PASS" starttime="20231120 23:32:23.960" endtime="20231120 23:32:57.473"/>
</suite>
<statistics>
<total>
<stat pass="2" fail="0" skip="0">All Tests</stat>
</total>
<tag>
</tag>
<suite>
<stat pass="2" fail="0" skip="0" id="s1" name="Tests">Tests</stat>
<stat pass="2" fail="0" skip="0" id="s1-s1" name="Login">Tests.Login</stat>
</suite>
</statistics>
<errors>
</errors>
</robot>
