<?xml version="1.0" encoding="UTF-8"?>
<robot generator="Robot 6.1.1 (Python 3.11.1 on win32)" generated="20231120 23:03:06.070" rpa="false" schemaversion="4">
<suite id="s1" name="Tests" source="C:\Users\tarvo\palautusrepositorio\viikko3\login-robot\src\tests">
<suite id="s1-s1" name="Login" source="C:\Users\tarvo\palautusrepositorio\viikko3\login-robot\src\tests\login.robot">
<test id="s1-s1-t1" name="Login With Correct Credentials" line="6">
<kw name="Create User And Input Login Command" type="SETUP">
<kw name="Create User" library="AppLibrary">
<arg>kalle</arg>
<arg>kalle123</arg>
<status status="PASS" starttime="20231120 23:03:06.084" endtime="20231120 23:03:06.084"/>
</kw>
<kw name="Input Login Command" library="resource">
<kw name="Input" library="AppLibrary">
<arg>login</arg>
<status status="PASS" starttime="20231120 23:03:06.084" endtime="20231120 23:03:06.084"/>
</kw>
<status status="PASS" starttime="20231120 23:03:06.084" endtime="20231120 23:03:06.084"/>
</kw>
<status status="PASS" starttime="20231120 23:03:06.084" endtime="20231120 23:03:06.084"/>
</kw>
<kw name="Input Credentials" library="resource">
<arg>kalle</arg>
<arg>kalle123</arg>
<kw name="Input" library="AppLibrary">
<arg>${username}</arg>
<status status="PASS" starttime="20231120 23:03:06.084" endtime="20231120 23:03:06.084"/>
</kw>
<kw name="Input" library="AppLibrary">
<arg>${password}</arg>
<status status="PASS" starttime="20231120 23:03:06.084" endtime="20231120 23:03:06.084"/>
</kw>
<kw name="Run Application" library="AppLibrary">
<status status="PASS" starttime="20231120 23:03:06.084" endtime="20231120 23:03:06.084"/>
</kw>
<status status="PASS" starttime="20231120 23:03:06.084" endtime="20231120 23:03:06.084"/>
</kw>
<kw name="Output Should Contain" library="AppLibrary">
<arg>Logged in</arg>
<status status="PASS" starttime="20231120 23:03:06.084" endtime="20231120 23:03:06.084"/>
</kw>
<status status="PASS" starttime="20231120 23:03:06.084" endtime="20231120 23:03:06.084"/>
</test>
<test id="s1-s1-t2" name="Login With Incorrect Password" line="10">
<kw name="Create User And Input Login Command" type="SETUP">
<kw name="Create User" library="AppLibrary">
<arg>kalle</arg>
<arg>kalle123</arg>
<status status="PASS" starttime="20231120 23:03:06.084" endtime="20231120 23:03:06.084"/>
</kw>
<kw name="Input Login Command" library="resource">
<kw name="Input" library="AppLibrary">
<arg>login</arg>
<status status="PASS" starttime="20231120 23:03:06.084" endtime="20231120 23:03:06.084"/>
</kw>
<status status="PASS" starttime="20231120 23:03:06.084" endtime="20231120 23:03:06.084"/>
</kw>
<status status="PASS" starttime="20231120 23:03:06.084" endtime="20231120 23:03:06.084"/>
</kw>
<kw name="Input Credentials" library="resource">
<arg>kalle</arg>
<arg>kalle12</arg>
<kw name="Input" library="AppLibrary">
<arg>${username}</arg>
<status status="PASS" starttime="20231120 23:03:06.084" endtime="20231120 23:03:06.091"/>
</kw>
<kw name="Input" library="AppLibrary">
<arg>${password}</arg>
<status status="PASS" starttime="20231120 23:03:06.091" endtime="20231120 23:03:06.091"/>
</kw>
<kw name="Run Application" library="AppLibrary">
<status status="PASS" starttime="20231120 23:03:06.091" endtime="20231120 23:03:06.091"/>
</kw>
<status status="PASS" starttime="20231120 23:03:06.084" endtime="20231120 23:03:06.091"/>
</kw>
<kw name="Output Should Contain" library="AppLibrary">
<arg>Invalid username or password</arg>
<status status="PASS" starttime="20231120 23:03:06.091" endtime="20231120 23:03:06.091"/>
</kw>
<status status="PASS" starttime="20231120 23:03:06.084" endtime="20231120 23:03:06.091"/>
</test>
<test id="s1-s1-t3" name="Login With Nonexistent Username" line="14">
<kw name="Create User And Input Login Command" type="SETUP">
<kw name="Create User" library="AppLibrary">
<arg>kalle</arg>
<arg>kalle123</arg>
<status status="PASS" starttime="20231120 23:03:06.092" endtime="20231120 23:03:06.092"/>
</kw>
<kw name="Input Login Command" library="resource">
<kw name="Input" library="AppLibrary">
<arg>login</arg>
<status status="PASS" starttime="20231120 23:03:06.092" endtime="20231120 23:03:06.092"/>
</kw>
<status status="PASS" starttime="20231120 23:03:06.092" endtime="20231120 23:03:06.092"/>
</kw>
<status status="PASS" starttime="20231120 23:03:06.092" endtime="20231120 23:03:06.092"/>
</kw>
<kw name="Input Credentials" library="resource">
<arg>kall</arg>
<arg>kalle123</arg>
<kw name="Input" library="AppLibrary">
<arg>${username}</arg>
<status status="PASS" starttime="20231120 23:03:06.092" endtime="20231120 23:03:06.092"/>
</kw>
<kw name="Input" library="AppLibrary">
<arg>${password}</arg>
<status status="PASS" starttime="20231120 23:03:06.092" endtime="20231120 23:03:06.092"/>
</kw>
<kw name="Run Application" library="AppLibrary">
<status status="PASS" starttime="20231120 23:03:06.092" endtime="20231120 23:03:06.092"/>
</kw>
<status status="PASS" starttime="20231120 23:03:06.092" endtime="20231120 23:03:06.092"/>
</kw>
<kw name="Output Should Contain" library="AppLibrary">
<arg>Invalid username or password</arg>
<status status="PASS" starttime="20231120 23:03:06.092" endtime="20231120 23:03:06.092"/>
</kw>
<status status="PASS" starttime="20231120 23:03:06.091" endtime="20231120 23:03:06.093"/>
</test>
<status status="PASS" starttime="20231120 23:03:06.077" endtime="20231120 23:03:06.093"/>
</suite>
<suite id="s1-s2" name="Register" source="C:\Users\tarvo\palautusrepositorio\viikko3\login-robot\src\tests\register.robot">
<test id="s1-s2-t1" name="Register With Valid Username And Password" line="6">
<kw name="Input New Command" type="SETUP">
<kw name="Input" library="AppLibrary">
<arg>new</arg>
<status status="PASS" starttime="20231120 23:03:06.095" endtime="20231120 23:03:06.095"/>
</kw>
<status status="PASS" starttime="20231120 23:03:06.095" endtime="20231120 23:03:06.095"/>
</kw>
<kw name="Input Credentials" library="resource">
<arg>tartsi</arg>
<arg>tartsi123</arg>
<kw name="Input" library="AppLibrary">
<arg>${username}</arg>
<status status="PASS" starttime="20231120 23:03:06.095" endtime="20231120 23:03:06.095"/>
</kw>
<kw name="Input" library="AppLibrary">
<arg>${password}</arg>
<status status="PASS" starttime="20231120 23:03:06.095" endtime="20231120 23:03:06.095"/>
</kw>
<kw name="Run Application" library="AppLibrary">
<status status="PASS" starttime="20231120 23:03:06.095" endtime="20231120 23:03:06.095"/>
</kw>
<status status="PASS" starttime="20231120 23:03:06.095" endtime="20231120 23:03:06.095"/>
</kw>
<kw name="Output Should Contain" library="AppLibrary">
<arg>New user registered</arg>
<status status="PASS" starttime="20231120 23:03:06.095" endtime="20231120 23:03:06.095"/>
</kw>
<status status="PASS" starttime="20231120 23:03:06.095" endtime="20231120 23:03:06.095"/>
</test>
<test id="s1-s2-t2" name="Register With Already Taken Username And Valid Password" line="10">
<kw name="Input New Command" type="SETUP">
<kw name="Input" library="AppLibrary">
<arg>new</arg>
<status status="PASS" starttime="20231120 23:03:06.095" endtime="20231120 23:03:06.095"/>
</kw>
<status status="PASS" starttime="20231120 23:03:06.095" endtime="20231120 23:03:06.095"/>
</kw>
<kw name="Input Credentials" library="resource">
<arg>tartsi</arg>
<arg>tartsi123</arg>
<kw name="Input" library="AppLibrary">
<arg>${username}</arg>
<status status="PASS" starttime="20231120 23:03:06.095" endtime="20231120 23:03:06.095"/>
</kw>
<kw name="Input" library="AppLibrary">
<arg>${password}</arg>
<status status="PASS" starttime="20231120 23:03:06.095" endtime="20231120 23:03:06.095"/>
</kw>
<kw name="Run Application" library="AppLibrary">
<status status="PASS" starttime="20231120 23:03:06.095" endtime="20231120 23:03:06.095"/>
</kw>
<status status="PASS" starttime="20231120 23:03:06.095" endtime="20231120 23:03:06.095"/>
</kw>
<kw name="Input" library="AppLibrary">
<arg>new</arg>
<status status="PASS" starttime="20231120 23:03:06.095" endtime="20231120 23:03:06.095"/>
</kw>
<kw name="Input Credentials" library="resource">
<arg>tartsi</arg>
<arg>tartsi123tartsi</arg>
<kw name="Input" library="AppLibrary">
<arg>${username}</arg>
<status status="PASS" starttime="20231120 23:03:06.095" endtime="20231120 23:03:06.095"/>
</kw>
<kw name="Input" library="AppLibrary">
<arg>${password}</arg>
<status status="PASS" starttime="20231120 23:03:06.095" endtime="20231120 23:03:06.095"/>
</kw>
<kw name="Run Application" library="AppLibrary">
<status status="PASS" starttime="20231120 23:03:06.095" endtime="20231120 23:03:06.098"/>
</kw>
<status status="PASS" starttime="20231120 23:03:06.095" endtime="20231120 23:03:06.098"/>
</kw>
<kw name="Output Should Contain" library="AppLibrary">
<arg>User with username tartsi already exists</arg>
<status status="PASS" starttime="20231120 23:03:06.098" endtime="20231120 23:03:06.098"/>
</kw>
<status status="PASS" starttime="20231120 23:03:06.095" endtime="20231120 23:03:06.098"/>
</test>
<test id="s1-s2-t3" name="Register With Too Short Username And Valid Password" line="16">
<kw name="Input New Command" type="SETUP">
<kw name="Input" library="AppLibrary">
<arg>new</arg>
<status status="PASS" starttime="20231120 23:03:06.098" endtime="20231120 23:03:06.098"/>
</kw>
<status status="PASS" starttime="20231120 23:03:06.098" endtime="20231120 23:03:06.098"/>
</kw>
<kw name="Input Credentials" library="resource">
<arg>t</arg>
<arg>tartsi123</arg>
<kw name="Input" library="AppLibrary">
<arg>${username}</arg>
<status status="PASS" starttime="20231120 23:03:06.099" endtime="20231120 23:03:06.099"/>
</kw>
<kw name="Input" library="AppLibrary">
<arg>${password}</arg>
<status status="PASS" starttime="20231120 23:03:06.099" endtime="20231120 23:03:06.099"/>
</kw>
<kw name="Run Application" library="AppLibrary">
<status status="PASS" starttime="20231120 23:03:06.099" endtime="20231120 23:03:06.099"/>
</kw>
<status status="PASS" starttime="20231120 23:03:06.099" endtime="20231120 23:03:06.099"/>
</kw>
<kw name="Output Should Contain" library="AppLibrary">
<arg>Username must be atleast 4 characters long</arg>
<status status="PASS" starttime="20231120 23:03:06.099" endtime="20231120 23:03:06.099"/>
</kw>
<status status="PASS" starttime="20231120 23:03:06.098" endtime="20231120 23:03:06.099"/>
</test>
<test id="s1-s2-t4" name="Register With Enough Long But Invalid Username And Valid Password" line="20">
<kw name="Input New Command" type="SETUP">
<kw name="Input" library="AppLibrary">
<arg>new</arg>
<status status="PASS" starttime="20231120 23:03:06.100" endtime="20231120 23:03:06.100"/>
</kw>
<status status="PASS" starttime="20231120 23:03:06.099" endtime="20231120 23:03:06.100"/>
</kw>
<kw name="Input Credentials" library="resource">
<arg>tartsi!</arg>
<arg>tartsi123</arg>
<kw name="Input" library="AppLibrary">
<arg>${username}</arg>
<status status="PASS" starttime="20231120 23:03:06.100" endtime="20231120 23:03:06.100"/>
</kw>
<kw name="Input" library="AppLibrary">
<arg>${password}</arg>
<status status="PASS" starttime="20231120 23:03:06.100" endtime="20231120 23:03:06.100"/>
</kw>
<kw name="Run Application" library="AppLibrary">
<status status="PASS" starttime="20231120 23:03:06.100" endtime="20231120 23:03:06.100"/>
</kw>
<status status="PASS" starttime="20231120 23:03:06.100" endtime="20231120 23:03:06.100"/>
</kw>
<kw name="Output Should Contain" library="AppLibrary">
<arg>Username must contain only letters from a-z</arg>
<status status="PASS" starttime="20231120 23:03:06.101" endtime="20231120 23:03:06.101"/>
</kw>
<status status="PASS" starttime="20231120 23:03:06.099" endtime="20231120 23:03:06.101"/>
</test>
<test id="s1-s2-t5" name="Register With Valid Username And Too Short Password" line="24">
<kw name="Input New Command" type="SETUP">
<kw name="Input" library="AppLibrary">
<arg>new</arg>
<status status="PASS" starttime="20231120 23:03:06.101" endtime="20231120 23:03:06.101"/>
</kw>
<status status="PASS" starttime="20231120 23:03:06.101" endtime="20231120 23:03:06.101"/>
</kw>
<kw name="Input Credentials" library="resource">
<arg>tartsi</arg>
<arg>t</arg>
<kw name="Input" library="AppLibrary">
<arg>${username}</arg>
<status status="PASS" starttime="20231120 23:03:06.101" endtime="20231120 23:03:06.101"/>
</kw>
<kw name="Input" library="AppLibrary">
<arg>${password}</arg>
<status status="PASS" starttime="20231120 23:03:06.101" endtime="20231120 23:03:06.101"/>
</kw>
<kw name="Run Application" library="AppLibrary">
<status status="PASS" starttime="20231120 23:03:06.101" endtime="20231120 23:03:06.101"/>
</kw>
<status status="PASS" starttime="20231120 23:03:06.101" endtime="20231120 23:03:06.101"/>
</kw>
<kw name="Output Should Contain" library="AppLibrary">
<arg>Password must be atleast 8 characters long</arg>
<status status="PASS" starttime="20231120 23:03:06.101" endtime="20231120 23:03:06.101"/>
</kw>
<status status="PASS" starttime="20231120 23:03:06.101" endtime="20231120 23:03:06.101"/>
</test>
<test id="s1-s2-t6" name="Register With Valid Username And Long Enough Password Containing Only Letters" line="28">
<kw name="Input New Command" type="SETUP">
<kw name="Input" library="AppLibrary">
<arg>new</arg>
<status status="PASS" starttime="20231120 23:03:06.101" endtime="20231120 23:03:06.101"/>
</kw>
<status status="PASS" starttime="20231120 23:03:06.101" endtime="20231120 23:03:06.101"/>
</kw>
<kw name="Input Credentials" library="resource">
<arg>tartsi</arg>
<arg>tartsiiiiiiii</arg>
<kw name="Input" library="AppLibrary">
<arg>${username}</arg>
<status status="PASS" starttime="20231120 23:03:06.101" endtime="20231120 23:03:06.101"/>
</kw>
<kw name="Input" library="AppLibrary">
<arg>${password}</arg>
<status status="PASS" starttime="20231120 23:03:06.101" endtime="20231120 23:03:06.101"/>
</kw>
<kw name="Run Application" library="AppLibrary">
<status status="PASS" starttime="20231120 23:03:06.101" endtime="20231120 23:03:06.101"/>
</kw>
<status status="PASS" starttime="20231120 23:03:06.101" endtime="20231120 23:03:06.101"/>
</kw>
<kw name="Output Should Contain" library="AppLibrary">
<arg>Password cannot contain only letters</arg>
<status status="PASS" starttime="20231120 23:03:06.101" endtime="20231120 23:03:06.101"/>
</kw>
<status status="PASS" starttime="20231120 23:03:06.101" endtime="20231120 23:03:06.101"/>
</test>
<status status="PASS" starttime="20231120 23:03:06.093" endtime="20231120 23:03:06.101"/>
</suite>
<status status="PASS" starttime="20231120 23:03:06.071" endtime="20231120 23:03:06.101"/>
</suite>
<statistics>
<total>
<stat pass="9" fail="0" skip="0">All Tests</stat>
</total>
<tag>
</tag>
<suite>
<stat pass="9" fail="0" skip="0" id="s1" name="Tests">Tests</stat>
<stat pass="3" fail="0" skip="0" id="s1-s1" name="Login">Tests.Login</stat>
<stat pass="6" fail="0" skip="0" id="s1-s2" name="Register">Tests.Register</stat>
</suite>
</statistics>
<errors>
</errors>
</robot>
